<?xml version="1.0" encoding="UTF-8"?>
<!-- Generated by org.testng.reporters.JUnitReportReporter -->
<testsuite hostname="DESKTOP-D827UCE" failures="0" tests="3" name="com.superbmyTrip.qa.test.LoginPageTest" time="22.013" errors="0" timestamp="14 Feb 2021 05:56:14 GMT" skipped="0">
  <testcase classname="com.superbmyTrip.qa.test.LoginPageTest" name="loginTest" time="9.459"/>
  <testcase classname="com.superbmyTrip.qa.test.LoginPageTest" name="loginpageTitleTest" time="5.181"/>
  <testcase classname="com.superbmyTrip.qa.test.LoginPageTest" name="LogoTest" time="7.373"/>
</testsuite> <!-- com.superbmyTrip.qa.test.LoginPageTest -->
